<?xml version="1.0" encoding="UTF-8"?>
<!-- Generated by org.testng.reporters.JUnitXMLReporter -->
<testsuite hostname="DESKTOP-3BHS2BP" ignored="0" name="Test" tests="3" failures="0" timestamp="2021-02-01T01:35:10 CST" time="0.704" errors="0">
  <testcase name="@BeforeTest setUp" time="-1.612164910361E9" classname="Rough.Batch1">
    <failure type="org.testng.TestNGException" message="
Parameter &amp;apos;browser&amp;apos; is required by BeforeTest on method setUp but has not been marked @Optional or defined
in C:\Users\Vishal\Desktop\SeleniumAutomation\eclipse-workspace\FrameWorkDesign\src\test\resources\runner\testng.xml">
      <![CDATA[org.testng.TestNGException: 
Parameter 'browser' is required by BeforeTest on method setUp but has not been marked @Optional or defined
in C:\Users\Vishal\Desktop\SeleniumAutomation\eclipse-workspace\FrameWorkDesign\src\test\resources\runner\testng.xml
... Removed 21 stack frames]]>
    </failure>
  </testcase> <!-- @BeforeTest setUp -->
  <testcase name="@AfterTest quit" time="-1.612164910471E9" classname="Rough.Batch1">
    <skipped/>
  </testcase> <!-- @AfterTest quit -->
  <testcase name="test1" time="0.0" classname="Rough.Batch1">
    <skipped/>
  </testcase> <!-- test1 -->
  <testcase name="test2" time="0.0" classname="Rough.Batch1">
    <skipped/>
  </testcase> <!-- test2 -->
  <testcase name="test3" time="0.0" classname="Rough.Batch1">
    <skipped/>
  </testcase> <!-- test3 -->
</testsuite> <!-- Test -->
