<?xml version="1.0" encoding="UTF-8"?>
<testng-results skipped="0" failed="1" ignored="0" retried="1" total="6" passed="4">
  <reporter-output>
  </reporter-output>
  <suite name="Suite" duration-ms="36617" started-at="2021-02-11T19:56:30 CST" finished-at="2021-02-11T19:57:07 CST">
    <groups>
    </groups>
    <test name="Test" duration-ms="36617" started-at="2021-02-11T19:56:30 CST" finished-at="2021-02-11T19:57:07 CST">
      <class name="Tests.TestCase">
        <test-method status="PASS" signature="LaunchApplication()[pri:0, instance:Tests.TestCase@54bff557]" name="LaunchApplication" is-config="true" duration-ms="5541" started-at="2021-02-11T19:56:31 CST" finished-at="2021-02-11T19:56:36 CST">
          <reporter-output>
          </reporter-output>
        </test-method> <!-- LaunchApplication -->
        <test-method status="PASS" signature="TaskCreationTest(java.lang.Object)[pri:0, instance:Tests.TestCase@54bff557]" name="TaskCreationTest" duration-ms="2381" started-at="2021-02-11T19:56:36 CST" data-provider="taskCreationData" finished-at="2021-02-11T19:56:39 CST">
          <params>
            <param index="0">
              <value>
                <![CDATA[{UserName=administrator@localhost.com, TaskPriority=Medum, Sr No=1, Label=Task, AttachmentFilePath=G:\1. My Cources\Test Case.docx, ProjectToCreateTaskUnder=New Development - Internal WebSite, TaskStatus=Open, EndDate=2020-09-29, Test Case Name=CreateTask with Open Status, StartDate=2020-09-28, TaskName=dev1, TaskType=Change Priority Rate (Hourly rate $25.00), Test Case Description=, Password=administrator, CurrentProgress=0.05}]]>
              </value>
            </param>
          </params>
          <reporter-output>
          </reporter-output>
        </test-method> <!-- TaskCreationTest -->
        <test-method status="PASS" signature="tearDown()[pri:0, instance:Tests.TestCase@54bff557]" name="tearDown" is-config="true" duration-ms="745" started-at="2021-02-11T19:56:39 CST" finished-at="2021-02-11T19:56:39 CST">
          <reporter-output>
          </reporter-output>
        </test-method> <!-- tearDown -->
        <test-method status="PASS" signature="LaunchApplication()[pri:0, instance:Tests.TestCase@54bff557]" name="LaunchApplication" is-config="true" duration-ms="3464" started-at="2021-02-11T19:56:39 CST" finished-at="2021-02-11T19:56:43 CST">
          <reporter-output>
          </reporter-output>
        </test-method> <!-- LaunchApplication -->
        <test-method status="PASS" signature="TaskCreationTest(java.lang.Object)[pri:0, instance:Tests.TestCase@54bff557]" name="TaskCreationTest" duration-ms="2832" started-at="2021-02-11T19:56:43 CST" data-provider="taskCreationData" finished-at="2021-02-11T19:56:46 CST">
          <params>
            <param index="0">
              <value>
                <![CDATA[{UserName=administrator@localhost.com, TaskPriority=Urgent, Sr No=2, Label=Bug, AttachmentFilePath=G:\1. My Cources\Test Case.docx, ProjectToCreateTaskUnder=Maintenance work - Client CTX - Tremox XT5, TaskStatus=Re-opened, EndDate=2020-09-30, Test Case Name=Create Defect wtith Reopen Status, StartDate=2020-09-28, TaskName=dev2, TaskType=Defects (Hourly rate $0.00), Test Case Description=, Password=administrator, CurrentProgress=0.95}]]>
              </value>
            </param>
          </params>
          <reporter-output>
          </reporter-output>
        </test-method> <!-- TaskCreationTest -->
        <test-method status="PASS" signature="tearDown()[pri:0, instance:Tests.TestCase@54bff557]" name="tearDown" is-config="true" duration-ms="763" started-at="2021-02-11T19:56:46 CST" finished-at="2021-02-11T19:56:47 CST">
          <reporter-output>
          </reporter-output>
        </test-method> <!-- tearDown -->
      </class> <!-- Tests.TestCase -->
      <class name="Tests.UserLoginTests">
        <test-method status="PASS" signature="LaunchApplication()[pri:0, instance:Tests.UserLoginTests@593aaf41]" name="LaunchApplication" is-config="true" duration-ms="5737" started-at="2021-02-11T19:56:31 CST" finished-at="2021-02-11T19:56:37 CST">
          <reporter-output>
          </reporter-output>
        </test-method> <!-- LaunchApplication -->
        <test-method status="PASS" signature="ClientLoginTest()[pri:0, instance:Tests.UserLoginTests@593aaf41]" name="ClientLoginTest" duration-ms="3169" started-at="2021-02-11T19:56:37 CST" finished-at="2021-02-11T19:56:40 CST">
          <reporter-output>
          </reporter-output>
        </test-method> <!-- ClientLoginTest -->
        <test-method status="PASS" signature="tearDown()[pri:0, instance:Tests.UserLoginTests@593aaf41]" name="tearDown" is-config="true" duration-ms="780" started-at="2021-02-11T19:56:40 CST" finished-at="2021-02-11T19:56:40 CST">
          <reporter-output>
          </reporter-output>
        </test-method> <!-- tearDown -->
        <test-method status="PASS" signature="LaunchApplication()[pri:0, instance:Tests.UserLoginTests@593aaf41]" name="LaunchApplication" is-config="true" duration-ms="3824" started-at="2021-02-11T19:56:40 CST" finished-at="2021-02-11T19:56:44 CST">
          <reporter-output>
          </reporter-output>
        </test-method> <!-- LaunchApplication -->
        <test-method status="SKIP" signature="DesignerLoginTest()[pri:0, instance:Tests.UserLoginTests@593aaf41]" name="DesignerLoginTest" duration-ms="4277" retried="true" started-at="2021-02-11T19:56:44 CST" finished-at="2021-02-11T19:56:49 CST">
          <exception class="java.lang.AssertionError">
            <message>
              <![CDATA[expected [true] but found [false]]]>
            </message>
            <full-stacktrace>
              <![CDATA[java.lang.AssertionError: expected [true] but found [false]
at org.testng.Assert.fail(Assert.java:99)
at org.testng.Assert.failNotEquals(Assert.java:1037)
at org.testng.Assert.assertTrue(Assert.java:45)
at org.testng.Assert.assertTrue(Assert.java:55)
at reusablemethods.ActionEngine.assertEqualsString_custom(ActionEngine.java:113)
at Tests.UserLoginTests.DesignerLoginTest(UserLoginTests.java:30)
at sun.reflect.NativeMethodAccessorImpl.invoke0(Native Method)
at sun.reflect.NativeMethodAccessorImpl.invoke(NativeMethodAccessorImpl.java:62)
at sun.reflect.DelegatingMethodAccessorImpl.invoke(DelegatingMethodAccessorImpl.java:43)
at java.lang.reflect.Method.invoke(Method.java:498)
at org.testng.internal.MethodInvocationHelper.invokeMethod(MethodInvocationHelper.java:132)
at org.testng.internal.TestInvoker.invokeMethod(TestInvoker.java:599)
at org.testng.internal.TestInvoker.invokeTestMethod(TestInvoker.java:174)
at org.testng.internal.MethodRunner.runInSequence(MethodRunner.java:46)
at org.testng.internal.TestInvoker$MethodInvocationAgent.invoke(TestInvoker.java:822)
at org.testng.internal.TestInvoker.invokeTestMethods(TestInvoker.java:147)
at org.testng.internal.TestMethodWorker.invokeTestMethods(TestMethodWorker.java:146)
at org.testng.internal.TestMethodWorker.run(TestMethodWorker.java:128)
at java.util.concurrent.ThreadPoolExecutor.runWorker(ThreadPoolExecutor.java:1149)
at java.util.concurrent.ThreadPoolExecutor$Worker.run(ThreadPoolExecutor.java:624)
at java.lang.Thread.run(Thread.java:748)
]]>
            </full-stacktrace>
          </exception> <!-- java.lang.AssertionError -->
          <reporter-output>
          </reporter-output>
        </test-method> <!-- DesignerLoginTest -->
        <test-method status="PASS" signature="tearDown()[pri:0, instance:Tests.UserLoginTests@593aaf41]" name="tearDown" is-config="true" duration-ms="1243" started-at="2021-02-11T19:56:49 CST" finished-at="2021-02-11T19:56:50 CST">
          <reporter-output>
          </reporter-output>
        </test-method> <!-- tearDown -->
        <test-method status="PASS" signature="LaunchApplication()[pri:0, instance:Tests.UserLoginTests@593aaf41]" name="LaunchApplication" is-config="true" duration-ms="5150" started-at="2021-02-11T19:56:50 CST" finished-at="2021-02-11T19:56:55 CST">
          <reporter-output>
          </reporter-output>
        </test-method> <!-- LaunchApplication -->
        <test-method status="FAIL" signature="DesignerLoginTest()[pri:0, instance:Tests.UserLoginTests@593aaf41]" name="DesignerLoginTest" duration-ms="2838" started-at="2021-02-11T19:56:55 CST" finished-at="2021-02-11T19:56:58 CST">
          <exception class="java.lang.AssertionError">
            <message>
              <![CDATA[expected [true] but found [false]]]>
            </message>
            <full-stacktrace>
              <![CDATA[java.lang.AssertionError: expected [true] but found [false]
at org.testng.Assert.fail(Assert.java:99)
at org.testng.Assert.failNotEquals(Assert.java:1037)
at org.testng.Assert.assertTrue(Assert.java:45)
at org.testng.Assert.assertTrue(Assert.java:55)
at reusablemethods.ActionEngine.assertEqualsString_custom(ActionEngine.java:113)
at Tests.UserLoginTests.DesignerLoginTest(UserLoginTests.java:30)
at sun.reflect.NativeMethodAccessorImpl.invoke0(Native Method)
at sun.reflect.NativeMethodAccessorImpl.invoke(NativeMethodAccessorImpl.java:62)
at sun.reflect.DelegatingMethodAccessorImpl.invoke(DelegatingMethodAccessorImpl.java:43)
at java.lang.reflect.Method.invoke(Method.java:498)
at org.testng.internal.MethodInvocationHelper.invokeMethod(MethodInvocationHelper.java:132)
at org.testng.internal.TestInvoker.invokeMethod(TestInvoker.java:599)
at org.testng.internal.TestInvoker.retryFailed(TestInvoker.java:214)
at org.testng.internal.MethodRunner.runInSequence(MethodRunner.java:58)
at org.testng.internal.TestInvoker$MethodInvocationAgent.invoke(TestInvoker.java:822)
at org.testng.internal.TestInvoker.invokeTestMethods(TestInvoker.java:147)
at org.testng.internal.TestMethodWorker.invokeTestMethods(TestMethodWorker.java:146)
at org.testng.internal.TestMethodWorker.run(TestMethodWorker.java:128)
at java.util.concurrent.ThreadPoolExecutor.runWorker(ThreadPoolExecutor.java:1149)
at java.util.concurrent.ThreadPoolExecutor$Worker.run(ThreadPoolExecutor.java:624)
at java.lang.Thread.run(Thread.java:748)
]]>
            </full-stacktrace>
          </exception> <!-- java.lang.AssertionError -->
          <reporter-output>
          </reporter-output>
        </test-method> <!-- DesignerLoginTest -->
        <test-method status="PASS" signature="tearDown()[pri:0, instance:Tests.UserLoginTests@593aaf41]" name="tearDown" is-config="true" duration-ms="1306" started-at="2021-02-11T19:56:58 CST" finished-at="2021-02-11T19:56:59 CST">
          <reporter-output>
          </reporter-output>
        </test-method> <!-- tearDown -->
        <test-method status="PASS" signature="LaunchApplication()[pri:0, instance:Tests.UserLoginTests@593aaf41]" name="LaunchApplication" is-config="true" duration-ms="3200" started-at="2021-02-11T19:56:59 CST" finished-at="2021-02-11T19:57:03 CST">
          <reporter-output>
          </reporter-output>
        </test-method> <!-- LaunchApplication -->
        <test-method status="PASS" signature="ManagerLoginTest()[pri:0, instance:Tests.UserLoginTests@593aaf41]" name="ManagerLoginTest" duration-ms="3549" started-at="2021-02-11T19:57:03 CST" finished-at="2021-02-11T19:57:06 CST">
          <reporter-output>
          </reporter-output>
        </test-method> <!-- ManagerLoginTest -->
        <test-method status="PASS" signature="tearDown()[pri:0, instance:Tests.UserLoginTests@593aaf41]" name="tearDown" is-config="true" duration-ms="739" started-at="2021-02-11T19:57:06 CST" finished-at="2021-02-11T19:57:07 CST">
          <reporter-output>
          </reporter-output>
        </test-method> <!-- tearDown -->
      </class> <!-- Tests.UserLoginTests -->
    </test> <!-- Test -->
  </suite> <!-- Suite -->
</testng-results>
