

<!DOCTYPE html>
<html>
<head>
<meta charset="utf-8">
<meta name="viewport" content="width=device-width, initial-scale=1, shrink-to-fit=no">
<title>BuldingFramework</title>
<link rel="apple-touch-icon" href="https://cdn.jsdelivr.net/gh/extent-framework/extent-github-cdn@b00a2d0486596e73dd7326beacf352c639623a0e/commons/img/logo.png">
<link rel="shortcut icon" href="https://cdn.jsdelivr.net/gh/extent-framework/extent-github-cdn@b00a2d0486596e73dd7326beacf352c639623a0e/commons/img/logo.png">
<link href="https://cdn.jsdelivr.net/gh/extent-framework/extent-github-cdn@c952cc003431b643d7a73337421ff42b75bac784/spark/css/spark-style.css" rel="stylesheet" />
<link href="https://stackpath.bootstrapcdn.com/font-awesome/4.7.0/css/font-awesome.min.css" rel="stylesheet">
<script src="https://cdn.rawgit.com/extent-framework/extent-github-cdn/7cc78ce/spark/js/jsontree.js"></script>
<style type="text/css"></style></head><body class="spa -report dark">
  <div class="app">
    <div class="layout">
<div class="header navbar">
<div class="vheader">
<div class="nav-logo">
<a href="#">
<div class="logo" style="background-image: url('https://cdn.jsdelivr.net/gh/extent-framework/extent-github-cdn@b00a2d0486596e73dd7326beacf352c639623a0e/commons/img/logo.png')"></div>
</a>
</div>
<ul class="nav-left">
<li class="search-box">
<a class="search-toggle" href="#">
<i class="search-icon fa fa-search"></i>
<i class="search-icon-close fa fa-close"></i>
</a>
</li>
<li class="search-input"><input id="search-tests" class="form-control" type="text" placeholder="Search..."></li>
</ul>
<ul class="nav-right">
<li class="m-r-10">
<a href="#"><span class="badge badge-primary">BuildReport</span></a>
</li>
<li class="m-r-10">
<a href="#"><span class="badge badge-primary">Feb 6, 2021 01:15:35 PM</span></a>
</li>
</ul>
</div>
</div><div class="side-nav">
<div class="side-nav-inner">
<ul class="side-nav-menu">
<li class="nav-item dropdown" onclick="toggleView('test-view')">
<a id="nav-test" class="dropdown-toggle" href="#">
<span class="ico"><i class="fa fa-list"></i></span>
</a>
</li>
<li class="nav-item dropdown" onclick="toggleView('exception-view')">
<a id="nav-exception" class="dropdown-toggle" href="#">
<span class="ico"><i class="fa fa-bug"></i></span>
</a>
</li>
<li class="nav-item dropdown" onclick="toggleView('dashboard-view')">
<a id="nav-dashboard" class="dropdown-toggle" href="#">
<span class="ico"><i class="fa fa-bar-chart"></i></span>
</a>
</li>
</ul>
</div>
</div>      <div class="vcontainer">
        <div class="main-content">
<div class="test-wrapper row view test-view">
  <div class="test-list">
    <div class="test-list-tools">
<ul class="tools pull-left">
<li><a href="#"><span class="font-size-14">Tests</span></a></li>
</ul>
<ul class="tools text-right">
<li class="dropdown">
<a href="#" class="dropdown-toggle" data-toggle="dropdown"><i class="fa fa-exclamation-circle"></i></a>
<ul id="status-toggle" class="dropdown-menu dropdown-md p-v-0">
<a class="dropdown-item" status="pass" href="#"><span>Pass</span><span class="status success"></span></a>
<a class="dropdown-item" status="fail" href="#"><span>Fail</span><span class="status danger"></span></a>
<div class="dropdown-divider"></div>
<a status="clear" class="dropdown-item" href="#"><span>Clear</span><span class="pull-right"><i class="fa fa-close"></i></span></a>
</ul>
</li>
</ul>
</div>    <div class="test-list-wrapper scrollable">
      <ul class="test-list-item">
        <li class="test-item"  status="pass" test-id="1"
          author=""
          tag=""
          device="">
          <div class="test-detail">
            <p class="name">insuranceCalculate</p>
            <p class="text-sm">
              <span>13:15:47 PM</span> / <span>00:00:18:448</span>
              <span class="badge pass-bg log float-right">Pass</span>
            </p>
          </div>
          <div class="test-contents d-none">
<div class="detail-head">
<div class="p-v-10">
<div class="info">
<h5 class="test-status text-pass">insuranceCalculate</h5>
<span class='badge badge-success'>02.06.2021 13:15:47</span>
<span class='badge badge-danger'>02.06.2021 13:16:06</span>
<span class='badge badge-default'>00:00:18:448</span>
&middot; <span class='uri-anchor badge badge-default'>#test-id=1</span>
</div>
</div>
</div><div class="detail-body mt-4">
<table class="table table-sm">
  <thead><tr><th class="status-col">Status</th><th class="timestamp-col">Timestamp</th><th class="details-col">Details</th></tr></thead>
  <tbody>
      <tr class="event-row">
        <td><span class="badge log info-bg">Info</span></td>
        <td>1:15:47 PM</td>
        <td>
          Test Data which we have used: {Vehicle_List Price=888, Product_startdate=12/12/2024, PriceValidation_Gold=696.00, TC No=1, Vehicle_Annual Mileage=100, Product_insurancesum= 5.000.000,00, Vehicle_Date of Manufacture=09/04/2019, Insurant_Hobby=speeding,Other, SelectOption=Silver, PriceValidation_Ultimate=2,604.00, PriceValidation_Silver=236.00, Vehicle_Make=Honda, Insurant_occupation=Farmer, Vehicle_No of Seats_motorcycle=2, Insurant_LastName=NNN, Product_OptionalProducts=Euro Protection, Vehicle_Enging Performance=666, Insurant_ImageFilePath=??, Vehicle_Model=Motorcycle, Insurant_country=India, Insurant_zipcode=444061, Product_damageinsurance=Partial Coverage, TC Name=Verify Insurance Premium for Honda MotorCycle, Vehicle_CylinderCapacity=333, PriceValidation_Platinum=1,367.00, Insurant_FirstName=Prakash, Insurant_birthdate=12/12/1989, Insurant_gender=Male}
        </td>
      </tr>
      <tr class="event-row">
        <td><span class="badge log info-bg">Info</span></td>
        <td>1:15:50 PM</td>
        <td>
          Value from DropDown is selected: Honda
        </td>
      </tr>
      <tr class="event-row">
        <td><span class="badge log info-bg">Info</span></td>
        <td>1:15:50 PM</td>
        <td>
          Value from DropDown is selected: Motorcycle
        </td>
      </tr>
      <tr class="event-row">
        <td><span class="badge log info-bg">Info</span></td>
        <td>1:15:51 PM</td>
        <td>
          Value from DropDown is selected: 2
        </td>
      </tr>
      <tr class="event-row">
        <td><span class="badge log info-bg">Info</span></td>
        <td>1:15:51 PM</td>
        <td>
          Successfully entered vehicle data
        </td>
      </tr>
      <tr class="event-row">
        <td><span class="badge log info-bg">Info</span></td>
        <td>1:15:52 PM</td>
        <td>
          clicked on the next button of Vehicle data page is navigating to insurant data
        </td>
      </tr>
      <tr class="event-row">
        <td><span class="badge log info-bg">Info</span></td>
        <td>1:15:53 PM</td>
        <td>
          Radio button is clicked for value: Male
        </td>
      </tr>
      <tr class="event-row">
        <td><span class="badge log info-bg">Info</span></td>
        <td>1:15:53 PM</td>
        <td>
          Value from DropDown is selected: India
        </td>
      </tr>
      <tr class="event-row">
        <td><span class="badge log info-bg">Info</span></td>
        <td>1:15:53 PM</td>
        <td>
          Value from DropDown is selected: Farmer
        </td>
      </tr>
      <tr class="event-row">
        <td><span class="badge log info-bg">Info</span></td>
        <td>1:15:53 PM</td>
        <td>
          Clicked on the radio value: speeding
        </td>
      </tr>
      <tr class="event-row">
        <td><span class="badge log info-bg">Info</span></td>
        <td>1:15:54 PM</td>
        <td>
          Clicked on the radio value: Other
        </td>
      </tr>
      <tr class="event-row">
        <td><span class="badge log info-bg">Info</span></td>
        <td>1:15:54 PM</td>
        <td>
          Successfully entered Insurant data
        </td>
      </tr>
      <tr class="event-row">
        <td><span class="badge log info-bg">Info</span></td>
        <td>1:15:54 PM</td>
        <td>
          clicked on Insurant Data next button and page is navigating to prodcut data
        </td>
      </tr>
      <tr class="event-row">
        <td><span class="badge log info-bg">Info</span></td>
        <td>1:16:04 PM</td>
        <td>
          Value from DropDown is selected:  5.000.000,00
        </td>
      </tr>
      <tr class="event-row">
        <td><span class="badge log info-bg">Info</span></td>
        <td>1:16:05 PM</td>
        <td>
          Value from DropDown is selected: Partial Coverage
        </td>
      </tr>
      <tr class="event-row">
        <td><span class="badge log info-bg">Info</span></td>
        <td>1:16:05 PM</td>
        <td>
          Radio button is clicked for value: Euro Protection
        </td>
      </tr>
      <tr class="event-row">
        <td><span class="badge log info-bg">Info</span></td>
        <td>1:16:05 PM</td>
        <td>
          Successfully enetered product data
        </td>
      </tr>
      <tr class="event-row">
        <td><span class="badge log info-bg">Info</span></td>
        <td>1:16:05 PM</td>
        <td>
          Clicked on the product data next button page is navigating to next select price option 
        </td>
      </tr>
      <tr class="event-row">
        <td><span class="badge log info-bg">Info</span></td>
        <td>1:16:05 PM</td>
        <td>
          Selected radio button for given price
        </td>
      </tr>
      <tr class="event-row">
        <td><span class="badge log info-bg">Info</span></td>
        <td>1:16:06 PM</td>
        <td>
          Clicked on the Select Price Options next button now Page is navigating to Send Quote page
        </td>
      </tr>
      <tr class="event-row">
        <td><span class="badge log pass-bg">Pass</span></td>
        <td>1:16:06 PM</td>
        <td>
          Test case: insuranceCalculate is passed.
        </td>
      </tr>
  </tbody>
</table>
</div>
          </div>
        </li>
        <li class="test-item"  status="fail" test-id="2"
          author=""
          tag=""
          device="">
          <div class="test-detail">
            <p class="name">insuranceCalculate</p>
            <p class="text-sm">
              <span>13:16:13 PM</span> / <span>00:00:17:226</span>
              <span class="badge fail-bg log float-right">Fail</span>
            </p>
          </div>
          <div class="test-contents d-none">
<div class="detail-head">
<div class="p-v-10">
<div class="info">
<h5 class="test-status text-fail">insuranceCalculate</h5>
<span class='badge badge-success'>02.06.2021 13:16:13</span>
<span class='badge badge-danger'>02.06.2021 13:16:30</span>
<span class='badge badge-default'>00:00:17:226</span>
&middot; <span class='uri-anchor badge badge-default'>#test-id=2</span>
</div>
</div>
</div>    <div class="row mb-3"><div class="col-md-3">
    <img data-featherlight='C:\Users\Vishal\Desktop\SeleniumAutomation\eclipse-workspace\FrameWorkDesign\src\test\resources\Reports\Screenshots\Extent_Report_Sat_Feb_06_13_16_30_CST_2021.jpeg' src="C:\Users\Vishal\Desktop\SeleniumAutomation\eclipse-workspace\FrameWorkDesign\src\test\resources\Reports\Screenshots\Extent_Report_Sat_Feb_06_13_16_30_CST_2021.jpeg">
    <div class="title">Test case failure screenshot</div>
    </div></div>
<div class="detail-body mt-4">
<table class="table table-sm">
  <thead><tr><th class="status-col">Status</th><th class="timestamp-col">Timestamp</th><th class="details-col">Details</th></tr></thead>
  <tbody>
      <tr class="event-row">
        <td><span class="badge log info-bg">Info</span></td>
        <td>1:16:13 PM</td>
        <td>
          Test Data which we have used: {Vehicle_List Price=888, Product_startdate=12/12/2025, PriceValidation_Gold=772.00, TC No=2, Vehicle_Annual Mileage=100, Product_insurancesum= 20.000.000,00, Vehicle_Date of Manufacture=09/04/2001, Insurant_Hobby=speeding,Other, SelectOption=Gold, PriceValidation_Ultimate=2,887.00, PriceValidation_Silver=702.00, Vehicle_Make=Volvo, Insurant_occupation=Farmer, Vehicle_No of Seats_motorcycle=2, Insurant_LastName=NNN, Product_OptionalProducts=Euro Protection, Vehicle_Enging Performance=900, Insurant_ImageFilePath=??, Vehicle_Model=Scooter, Insurant_country=Sweden, Insurant_zipcode=444061, Product_damageinsurance=Partial Coverage, TC Name=Verify Insurance Premium for Volvo Scooter, Vehicle_CylinderCapacity=900, PriceValidation_Platinum=1,515.00, Insurant_FirstName=Seema, Insurant_birthdate=12/12/1977, Insurant_gender=Female}
        </td>
      </tr>
      <tr class="event-row">
        <td><span class="badge log info-bg">Info</span></td>
        <td>1:16:15 PM</td>
        <td>
          Value from DropDown is selected: Volvo
        </td>
      </tr>
      <tr class="event-row">
        <td><span class="badge log info-bg">Info</span></td>
        <td>1:16:15 PM</td>
        <td>
          Value from DropDown is selected: Scooter
        </td>
      </tr>
      <tr class="event-row">
        <td><span class="badge log info-bg">Info</span></td>
        <td>1:16:16 PM</td>
        <td>
          Value from DropDown is selected: 2
        </td>
      </tr>
      <tr class="event-row">
        <td><span class="badge log info-bg">Info</span></td>
        <td>1:16:16 PM</td>
        <td>
          Successfully entered vehicle data
        </td>
      </tr>
      <tr class="event-row">
        <td><span class="badge log info-bg">Info</span></td>
        <td>1:16:16 PM</td>
        <td>
          clicked on the next button of Vehicle data page is navigating to insurant data
        </td>
      </tr>
      <tr class="event-row">
        <td><span class="badge log info-bg">Info</span></td>
        <td>1:16:17 PM</td>
        <td>
          Radio button is clicked for value: Female
        </td>
      </tr>
      <tr class="event-row">
        <td><span class="badge log info-bg">Info</span></td>
        <td>1:16:18 PM</td>
        <td>
          Value from DropDown is selected: Sweden
        </td>
      </tr>
      <tr class="event-row">
        <td><span class="badge log info-bg">Info</span></td>
        <td>1:16:18 PM</td>
        <td>
          Value from DropDown is selected: Farmer
        </td>
      </tr>
      <tr class="event-row">
        <td><span class="badge log info-bg">Info</span></td>
        <td>1:16:18 PM</td>
        <td>
          Clicked on the radio value: speeding
        </td>
      </tr>
      <tr class="event-row">
        <td><span class="badge log info-bg">Info</span></td>
        <td>1:16:19 PM</td>
        <td>
          Clicked on the radio value: Other
        </td>
      </tr>
      <tr class="event-row">
        <td><span class="badge log info-bg">Info</span></td>
        <td>1:16:19 PM</td>
        <td>
          Successfully entered Insurant data
        </td>
      </tr>
      <tr class="event-row">
        <td><span class="badge log info-bg">Info</span></td>
        <td>1:16:19 PM</td>
        <td>
          clicked on Insurant Data next button and page is navigating to prodcut data
        </td>
      </tr>
      <tr class="event-row">
        <td><span class="badge log info-bg">Info</span></td>
        <td>1:16:29 PM</td>
        <td>
          Value from DropDown is selected:  20.000.000,00
        </td>
      </tr>
      <tr class="event-row">
        <td><span class="badge log info-bg">Info</span></td>
        <td>1:16:30 PM</td>
        <td>
          Value from DropDown is selected: Partial Coverage
        </td>
      </tr>
      <tr class="event-row">
        <td><span class="badge log info-bg">Info</span></td>
        <td>1:16:30 PM</td>
        <td>
          Radio button is clicked for value: Euro Protection
        </td>
      </tr>
      <tr class="event-row">
        <td><span class="badge log info-bg">Info</span></td>
        <td>1:16:30 PM</td>
        <td>
          Successfully enetered product data
        </td>
      </tr>
      <tr class="event-row">
        <td><span class="badge log info-bg">Info</span></td>
        <td>1:16:30 PM</td>
        <td>
          Clicked on the product data next button page is navigating to next select price option 
        </td>
      </tr>
      <tr class="event-row">
        <td><span class="badge log fail-bg">Fail</span></td>
        <td>1:16:30 PM</td>
        <td>
          Test case: insuranceCalculate is fail.
        </td>
      </tr>
      <tr class="event-row">
        <td><span class="badge log fail-bg">Fail</span></td>
        <td>1:16:30 PM</td>
        <td>
          <textarea readonly class="code-block">java.lang.AssertionError: Pricings are not matching expected [702.00] but found [262.00]
	at org.testng.Assert.fail(Assert.java:99)
	at org.testng.Assert.failNotEquals(Assert.java:1037)
	at org.testng.Assert.assertEqualsImpl(Assert.java:140)
	at org.testng.Assert.assertEquals(Assert.java:122)
	at org.testng.Assert.assertEquals(Assert.java:629)
	at insuranceCalc_Motorcycle.EndToEndTests_Motorcycle.insuranceCalculate(EndToEndTests_Motorcycle.java:38)
	at sun.reflect.NativeMethodAccessorImpl.invoke0(Native Method)
	at sun.reflect.NativeMethodAccessorImpl.invoke(NativeMethodAccessorImpl.java:62)
	at sun.reflect.DelegatingMethodAccessorImpl.invoke(DelegatingMethodAccessorImpl.java:43)
	at java.lang.reflect.Method.invoke(Method.java:498)
	at org.testng.internal.MethodInvocationHelper.invokeMethod(MethodInvocationHelper.java:132)
	at org.testng.internal.TestInvoker.invokeMethod(TestInvoker.java:599)
	at org.testng.internal.TestInvoker.invokeTestMethod(TestInvoker.java:174)
	at org.testng.internal.MethodRunner.runInSequence(MethodRunner.java:46)
	at org.testng.internal.TestInvoker$MethodInvocationAgent.invoke(TestInvoker.java:822)
	at org.testng.internal.TestInvoker.invokeTestMethods(TestInvoker.java:147)
	at org.testng.internal.TestMethodWorker.invokeTestMethods(TestMethodWorker.java:146)
	at org.testng.internal.TestMethodWorker.run(TestMethodWorker.java:128)
	at java.util.ArrayList.forEach(ArrayList.java:1259)
	at org.testng.TestRunner.privateRun(TestRunner.java:764)
	at org.testng.TestRunner.run(TestRunner.java:585)
	at org.testng.SuiteRunner.runTest(SuiteRunner.java:384)
	at org.testng.SuiteRunner.runSequentially(SuiteRunner.java:378)
	at org.testng.SuiteRunner.privateRun(SuiteRunner.java:337)
	at org.testng.SuiteRunner.run(SuiteRunner.java:286)
	at org.testng.SuiteRunnerWorker.runSuite(SuiteRunnerWorker.java:53)
	at org.testng.SuiteRunnerWorker.run(SuiteRunnerWorker.java:96)
	at org.testng.TestNG.runSuitesSequentially(TestNG.java:1218)
	at org.testng.TestNG.runSuitesLocally(TestNG.java:1140)
	at org.testng.TestNG.runSuites(TestNG.java:1069)
	at org.testng.TestNG.run(TestNG.java:1037)
	at org.apache.maven.surefire.testng.TestNGExecutor.run(TestNGExecutor.java:284)
	at org.apache.maven.surefire.testng.TestNGXmlTestSuite.execute(TestNGXmlTestSuite.java:75)
	at org.apache.maven.surefire.testng.TestNGProvider.invoke(TestNGProvider.java:119)
	at org.apache.maven.surefire.booter.ForkedBooter.runSuitesInProcess(ForkedBooter.java:428)
	at org.apache.maven.surefire.booter.ForkedBooter.execute(ForkedBooter.java:162)
	at org.apache.maven.surefire.booter.ForkedBooter.run(ForkedBooter.java:562)
	at org.apache.maven.surefire.booter.ForkedBooter.main(ForkedBooter.java:548)
</textarea>
          
        </td>
      </tr>
  </tbody>
</table>
</div>
          </div>
        </li>
        <li class="test-item"  status="fail" test-id="3"
          author=""
          tag=""
          device="">
          <div class="test-detail">
            <p class="name">insuranceCalculate</p>
            <p class="text-sm">
              <span>13:16:39 PM</span> / <span>00:00:14:541</span>
              <span class="badge fail-bg log float-right">Fail</span>
            </p>
          </div>
          <div class="test-contents d-none">
<div class="detail-head">
<div class="p-v-10">
<div class="info">
<h5 class="test-status text-fail">insuranceCalculate</h5>
<span class='badge badge-success'>02.06.2021 13:16:39</span>
<span class='badge badge-danger'>02.06.2021 13:16:54</span>
<span class='badge badge-default'>00:00:14:541</span>
&middot; <span class='uri-anchor badge badge-default'>#test-id=3</span>
</div>
</div>
</div><div class="detail-body mt-4">
<table class="table table-sm">
  <thead><tr><th class="status-col">Status</th><th class="timestamp-col">Timestamp</th><th class="details-col">Details</th></tr></thead>
  <tbody>
      <tr class="event-row">
        <td><span class="badge log info-bg">Info</span></td>
        <td>1:16:39 PM</td>
        <td>
          Test Data which we have used: {Vehicle_List Price=1000, Product_startdate=12/12/2025, PriceValidation_Gold=87.00, TC No=3, Vehicle_Annual Mileage=100, Product_insurancesum= 3.000.000,00, Vehicle_Date of Manufacture=09/04/1989, Insurant_Hobby=speeding,Other, SelectOption=Ultimate, PriceValidation_Ultimate=1,025.00, PriceValidation_Silver=93.00, Vehicle_Make=Ford, Insurant_occupation=Farmer, Vehicle_No of Seats_motorcycle=2, Insurant_LastName=NNN, Product_OptionalProducts=Euro Protection, Vehicle_Enging Performance=100, Insurant_ImageFilePath=??, Vehicle_Model=Moped, Insurant_country=Sweden, Insurant_zipcode=444061, Product_damageinsurance=Partial Coverage, TC Name=Verify Insurance Premium for Ford Moped, Vehicle_CylinderCapacity=100, PriceValidation_Platinum=538.00, Insurant_FirstName=Savali, Insurant_birthdate=12/12/1956, Insurant_gender=Female}
        </td>
      </tr>
      <tr class="event-row">
        <td><span class="badge log info-bg">Info</span></td>
        <td>1:16:42 PM</td>
        <td>
          Value from DropDown is selected: Ford
        </td>
      </tr>
      <tr class="event-row">
        <td><span class="badge log info-bg">Info</span></td>
        <td>1:16:42 PM</td>
        <td>
          Value from DropDown is selected: Moped
        </td>
      </tr>
      <tr class="event-row">
        <td><span class="badge log info-bg">Info</span></td>
        <td>1:16:43 PM</td>
        <td>
          Value from DropDown is selected: 2
        </td>
      </tr>
      <tr class="event-row">
        <td><span class="badge log info-bg">Info</span></td>
        <td>1:16:43 PM</td>
        <td>
          Successfully entered vehicle data
        </td>
      </tr>
      <tr class="event-row">
        <td><span class="badge log info-bg">Info</span></td>
        <td>1:16:43 PM</td>
        <td>
          clicked on the next button of Vehicle data page is navigating to insurant data
        </td>
      </tr>
      <tr class="event-row">
        <td><span class="badge log info-bg">Info</span></td>
        <td>1:16:44 PM</td>
        <td>
          Radio button is clicked for value: Female
        </td>
      </tr>
      <tr class="event-row">
        <td><span class="badge log info-bg">Info</span></td>
        <td>1:16:44 PM</td>
        <td>
          Value from DropDown is selected: Sweden
        </td>
      </tr>
      <tr class="event-row">
        <td><span class="badge log info-bg">Info</span></td>
        <td>1:16:45 PM</td>
        <td>
          Value from DropDown is selected: Farmer
        </td>
      </tr>
      <tr class="event-row">
        <td><span class="badge log info-bg">Info</span></td>
        <td>1:16:45 PM</td>
        <td>
          Clicked on the radio value: speeding
        </td>
      </tr>
      <tr class="event-row">
        <td><span class="badge log info-bg">Info</span></td>
        <td>1:16:45 PM</td>
        <td>
          Clicked on the radio value: Other
        </td>
      </tr>
      <tr class="event-row">
        <td><span class="badge log info-bg">Info</span></td>
        <td>1:16:45 PM</td>
        <td>
          Successfully entered Insurant data
        </td>
      </tr>
      <tr class="event-row">
        <td><span class="badge log info-bg">Info</span></td>
        <td>1:16:46 PM</td>
        <td>
          clicked on Insurant Data next button and page is navigating to prodcut data
        </td>
      </tr>
      <tr class="event-row">
        <td><span class="badge log fail-bg">Fail</span></td>
        <td>1:16:54 PM</td>
        <td>
          Test case: insuranceCalculate is fail.
        </td>
      </tr>
      <tr class="event-row">
        <td><span class="badge log fail-bg">Fail</span></td>
        <td>1:16:54 PM</td>
        <td>
          <textarea readonly class="code-block">org.openqa.selenium.NoSuchWindowException: no such window: target window already closed
from unknown error: web view not found
  (Session info: chrome=88.0.4324.146)
Build info: version: '3.141.59', revision: 'e82be7d358', time: '2018-11-14T08:17:03'
System info: host: 'DESKTOP-3BHS2BP', ip: '192.168.1.141', os.name: 'Windows 10', os.arch: 'amd64', os.version: '10.0', java.version: '1.8.0_281'
Driver info: org.openqa.selenium.chrome.ChromeDriver
Capabilities {acceptInsecureCerts: false, browserName: chrome, browserVersion: 88.0.4324.146, chrome: {chromedriverVersion: 88.0.4324.96 (68dba2d8a0b14..., userDataDir: C:\Users\Vishal\AppData\Loc...}, goog:chromeOptions: {debuggerAddress: localhost:60414}, javascriptEnabled: true, networkConnectionEnabled: false, pageLoadStrategy: normal, platform: WINDOWS, platformName: WINDOWS, proxy: Proxy(), setWindowRect: true, strictFileInteractability: false, timeouts: {implicit: 0, pageLoad: 300000, script: 30000}, unhandledPromptBehavior: dismiss and notify, webauthn:extension:largeBlob: true, webauthn:virtualAuthenticators: true}
Session ID: 6d0b3c4a480b605c65aa4493f3ffdbea
*** Element info: {Using=id, value=insurancesum}
	at sun.reflect.NativeConstructorAccessorImpl.newInstance0(Native Method)
	at sun.reflect.NativeConstructorAccessorImpl.newInstance(NativeConstructorAccessorImpl.java:62)
	at sun.reflect.DelegatingConstructorAccessorImpl.newInstance(DelegatingConstructorAccessorImpl.java:45)
	at java.lang.reflect.Constructor.newInstance(Constructor.java:423)
	at org.openqa.selenium.remote.http.W3CHttpResponseCodec.createException(W3CHttpResponseCodec.java:187)
	at org.openqa.selenium.remote.http.W3CHttpResponseCodec.decode(W3CHttpResponseCodec.java:122)
	at org.openqa.selenium.remote.http.W3CHttpResponseCodec.decode(W3CHttpResponseCodec.java:49)
	at org.openqa.selenium.remote.HttpCommandExecutor.execute(HttpCommandExecutor.java:158)
	at org.openqa.selenium.remote.service.DriverCommandExecutor.execute(DriverCommandExecutor.java:83)
	at org.openqa.selenium.remote.RemoteWebDriver.execute(RemoteWebDriver.java:552)
	at org.openqa.selenium.remote.RemoteWebDriver.findElement(RemoteWebDriver.java:323)
	at org.openqa.selenium.remote.RemoteWebDriver.findElementById(RemoteWebDriver.java:372)
	at org.openqa.selenium.By$ById.findElement(By.java:188)
	at org.openqa.selenium.remote.RemoteWebDriver.findElement(RemoteWebDriver.java:315)
	at org.openqa.selenium.support.pagefactory.DefaultElementLocator.findElement(DefaultElementLocator.java:69)
	at org.openqa.selenium.support.pagefactory.internal.LocatingElementHandler.invoke(LocatingElementHandler.java:38)
	at com.sun.proxy.$Proxy10.toString(Unknown Source)
	at java.lang.String.valueOf(String.java:2994)
	at java.lang.StringBuilder.append(StringBuilder.java:131)
	at reusableComponents.CommonMethods.selectDDValue(CommonMethods.java:35)
	at pages.EnterProductDataPageObjects.enterProductData(EnterProductDataPageObjects.java:40)
	at insuranceCalc_Motorcycle.EndToEndTests_Motorcycle.insuranceCalculate(EndToEndTests_Motorcycle.java:29)
	at sun.reflect.NativeMethodAccessorImpl.invoke0(Native Method)
	at sun.reflect.NativeMethodAccessorImpl.invoke(NativeMethodAccessorImpl.java:62)
	at sun.reflect.DelegatingMethodAccessorImpl.invoke(DelegatingMethodAccessorImpl.java:43)
	at java.lang.reflect.Method.invoke(Method.java:498)
	at org.testng.internal.MethodInvocationHelper.invokeMethod(MethodInvocationHelper.java:132)
	at org.testng.internal.TestInvoker.invokeMethod(TestInvoker.java:599)
	at org.testng.internal.TestInvoker.invokeTestMethod(TestInvoker.java:174)
	at org.testng.internal.MethodRunner.runInSequence(MethodRunner.java:46)
	at org.testng.internal.TestInvoker$MethodInvocationAgent.invoke(TestInvoker.java:822)
	at org.testng.internal.TestInvoker.invokeTestMethods(TestInvoker.java:147)
	at org.testng.internal.TestMethodWorker.invokeTestMethods(TestMethodWorker.java:146)
	at org.testng.internal.TestMethodWorker.run(TestMethodWorker.java:128)
	at java.util.ArrayList.forEach(ArrayList.java:1259)
	at org.testng.TestRunner.privateRun(TestRunner.java:764)
	at org.testng.TestRunner.run(TestRunner.java:585)
	at org.testng.SuiteRunner.runTest(SuiteRunner.java:384)
	at org.testng.SuiteRunner.runSequentially(SuiteRunner.java:378)
	at org.testng.SuiteRunner.privateRun(SuiteRunner.java:337)
	at org.testng.SuiteRunner.run(SuiteRunner.java:286)
	at org.testng.SuiteRunnerWorker.runSuite(SuiteRunnerWorker.java:53)
	at org.testng.SuiteRunnerWorker.run(SuiteRunnerWorker.java:96)
	at org.testng.TestNG.runSuitesSequentially(TestNG.java:1218)
	at org.testng.TestNG.runSuitesLocally(TestNG.java:1140)
	at org.testng.TestNG.runSuites(TestNG.java:1069)
	at org.testng.TestNG.run(TestNG.java:1037)
	at org.apache.maven.surefire.testng.TestNGExecutor.run(TestNGExecutor.java:284)
	at org.apache.maven.surefire.testng.TestNGXmlTestSuite.execute(TestNGXmlTestSuite.java:75)
	at org.apache.maven.surefire.testng.TestNGProvider.invoke(TestNGProvider.java:119)
	at org.apache.maven.surefire.booter.ForkedBooter.runSuitesInProcess(ForkedBooter.java:428)
	at org.apache.maven.surefire.booter.ForkedBooter.execute(ForkedBooter.java:162)
	at org.apache.maven.surefire.booter.ForkedBooter.run(ForkedBooter.java:562)
	at org.apache.maven.surefire.booter.ForkedBooter.main(ForkedBooter.java:548)
</textarea>
          
        </td>
      </tr>
      <tr class="event-row">
        <td><span class="badge log fail-bg">Fail</span></td>
        <td>1:16:54 PM</td>
        <td>
          Test case: insuranceCalculate is fail.
        </td>
      </tr>
      <tr class="event-row">
        <td><span class="badge log fail-bg">Fail</span></td>
        <td>1:16:54 PM</td>
        <td>
          <textarea readonly class="code-block">org.openqa.selenium.NoSuchWindowException: no such window: target window already closed
from unknown error: web view not found
  (Session info: chrome=88.0.4324.146)
Build info: version: '3.141.59', revision: 'e82be7d358', time: '2018-11-14T08:17:03'
System info: host: 'DESKTOP-3BHS2BP', ip: '192.168.1.141', os.name: 'Windows 10', os.arch: 'amd64', os.version: '10.0', java.version: '1.8.0_281'
Driver info: org.openqa.selenium.chrome.ChromeDriver
Capabilities {acceptInsecureCerts: false, browserName: chrome, browserVersion: 88.0.4324.146, chrome: {chromedriverVersion: 88.0.4324.96 (68dba2d8a0b14..., userDataDir: C:\Users\Vishal\AppData\Loc...}, goog:chromeOptions: {debuggerAddress: localhost:60414}, javascriptEnabled: true, networkConnectionEnabled: false, pageLoadStrategy: normal, platform: WINDOWS, platformName: WINDOWS, proxy: Proxy(), setWindowRect: true, strictFileInteractability: false, timeouts: {implicit: 0, pageLoad: 300000, script: 30000}, unhandledPromptBehavior: dismiss and notify, webauthn:extension:largeBlob: true, webauthn:virtualAuthenticators: true}
Session ID: 6d0b3c4a480b605c65aa4493f3ffdbea
	at sun.reflect.NativeConstructorAccessorImpl.newInstance0(Native Method)
	at sun.reflect.NativeConstructorAccessorImpl.newInstance(NativeConstructorAccessorImpl.java:62)
	at sun.reflect.DelegatingConstructorAccessorImpl.newInstance(DelegatingConstructorAccessorImpl.java:45)
	at java.lang.reflect.Constructor.newInstance(Constructor.java:423)
	at org.openqa.selenium.remote.http.W3CHttpResponseCodec.createException(W3CHttpResponseCodec.java:187)
	at org.openqa.selenium.remote.http.W3CHttpResponseCodec.decode(W3CHttpResponseCodec.java:122)
	at org.openqa.selenium.remote.http.W3CHttpResponseCodec.decode(W3CHttpResponseCodec.java:49)
	at org.openqa.selenium.remote.HttpCommandExecutor.execute(HttpCommandExecutor.java:158)
	at org.openqa.selenium.remote.service.DriverCommandExecutor.execute(DriverCommandExecutor.java:83)
	at org.openqa.selenium.remote.RemoteWebDriver.execute(RemoteWebDriver.java:552)
	at org.openqa.selenium.remote.RemoteWebDriver.execute(RemoteWebDriver.java:609)
	at org.openqa.selenium.remote.RemoteWebDriver.getScreenshotAs(RemoteWebDriver.java:295)
	at extentlisteners.ExtentListeners.onTestFailure(ExtentListeners.java:41)
	at org.testng.internal.TestListenerHelper.runTestListeners(TestListenerHelper.java:96)
	at org.testng.internal.TestInvoker.runTestResultListener(TestInvoker.java:220)
	at org.testng.internal.TestInvoker.invokeMethod(TestInvoker.java:657)
	at org.testng.internal.TestInvoker.invokeTestMethod(TestInvoker.java:174)
	at org.testng.internal.MethodRunner.runInSequence(MethodRunner.java:46)
	at org.testng.internal.TestInvoker$MethodInvocationAgent.invoke(TestInvoker.java:822)
	at org.testng.internal.TestInvoker.invokeTestMethods(TestInvoker.java:147)
	at org.testng.internal.TestMethodWorker.invokeTestMethods(TestMethodWorker.java:146)
	at org.testng.internal.TestMethodWorker.run(TestMethodWorker.java:128)
	at java.util.ArrayList.forEach(ArrayList.java:1259)
	at org.testng.TestRunner.privateRun(TestRunner.java:764)
	at org.testng.TestRunner.run(TestRunner.java:585)
	at org.testng.SuiteRunner.runTest(SuiteRunner.java:384)
	at org.testng.SuiteRunner.runSequentially(SuiteRunner.java:378)
	at org.testng.SuiteRunner.privateRun(SuiteRunner.java:337)
	at org.testng.SuiteRunner.run(SuiteRunner.java:286)
	at org.testng.SuiteRunnerWorker.runSuite(SuiteRunnerWorker.java:53)
	at org.testng.SuiteRunnerWorker.run(SuiteRunnerWorker.java:96)
	at org.testng.TestNG.runSuitesSequentially(TestNG.java:1218)
	at org.testng.TestNG.runSuitesLocally(TestNG.java:1140)
	at org.testng.TestNG.runSuites(TestNG.java:1069)
	at org.testng.TestNG.run(TestNG.java:1037)
	at org.apache.maven.surefire.testng.TestNGExecutor.run(TestNGExecutor.java:284)
	at org.apache.maven.surefire.testng.TestNGXmlTestSuite.execute(TestNGXmlTestSuite.java:75)
	at org.apache.maven.surefire.testng.TestNGProvider.invoke(TestNGProvider.java:119)
	at org.apache.maven.surefire.booter.ForkedBooter.runSuitesInProcess(ForkedBooter.java:428)
	at org.apache.maven.surefire.booter.ForkedBooter.execute(ForkedBooter.java:162)
	at org.apache.maven.surefire.booter.ForkedBooter.run(ForkedBooter.java:562)
	at org.apache.maven.surefire.booter.ForkedBooter.main(ForkedBooter.java:548)
</textarea>
          
        </td>
      </tr>
  </tbody>
</table>
</div>
          </div>
        </li>
      </ul>
    </div>
  </div>
<div class="test-content scrollable">
<div class="test-content-tools">
<ul><li><a class="back-to-test" href="#"><i class="fa fa-arrow-left"></i></a></li></ul>
</div>
<div class="test-content-detail"><div class="detail-body"></div></div>
</div></div>
<div class="test-wrapper row view exception-view attributes-view">
<div class="test-list">
<div class="test-list-tools">
<ul class="tools pull-left"><li><a href=""><span class="font-size-14">Exception</span></a></li></ul>
<ul class="tools text-right"><li><a href="#"><span class="badge badge-primary">2</span></a></li></ul>
</div>
<div class="test-list-wrapper scrollable">
<ul class="test-list-item">
<li class="test-item">
<div class="test-detail">
<span class="meta">
<span class='badge log badge-danger'>1</span>
</span>
<p class="name">org.openqa.selenium.NoSuchWindowException</p>
<p class="duration text-sm">1 tests</p>
</div>
<div class="test-contents d-none">
<div class="info">
<h4>org.openqa.selenium.NoSuchWindowException</h4>
<span status="fail" class='badge log badge-danger'>1 failed</span>
</div>
<table class='table table-sm mt-4'>
<thead>
<tr>
<th class="status-col">Status</th>
<th class="timestamp-col">Timestamp</th>
<th>TestName</th>
</tr>
</thead>
<tbody>
<tr class="tag-test-status" status="fail">
<td><span class="badge log fail-bg">Fail</span></td>
<td>13:16:39 PM</td>
<td>
<a href="#" class="linked" test-id='3' id='3'>insuranceCalculate</a>
</td>
</tr>
</tbody>
</table>
</div>
</li>
<li class="test-item">
<div class="test-detail">
<span class="meta">
<span class='badge log badge-danger'>1</span>
</span>
<p class="name">java.lang.AssertionError</p>
<p class="duration text-sm">1 tests</p>
</div>
<div class="test-contents d-none">
<div class="info">
<h4>java.lang.AssertionError</h4>
<span status="fail" class='badge log badge-danger'>1 failed</span>
</div>
<table class='table table-sm mt-4'>
<thead>
<tr>
<th class="status-col">Status</th>
<th class="timestamp-col">Timestamp</th>
<th>TestName</th>
</tr>
</thead>
<tbody>
<tr class="tag-test-status" status="fail">
<td><span class="badge log fail-bg">Fail</span></td>
<td>13:16:13 PM</td>
<td>
<a href="#" class="linked" test-id='2' id='2'>insuranceCalculate</a>
</td>
</tr>
</tbody>
</table>
</div>
</li>
</ul>
</div>
</div>
<div class="test-content scrollable">
<div class="test-content-detail">
<div class="detail-body"></div>
</div>
</div>
</div><div class="container-fluid p-4 view dashboard-view">
<div class="row">
<div class="col-md-3">
<div class="card"><div class="card-body">
<p class="m-b-0">Started</p>
<h3>Feb 6, 2021 01:15:35 PM</h3>
</div></div>
</div>
<div class="col-md-3">
<div class="card"><div class="card-body">
<p class="m-b-0">Ended</p>
<h3>Feb 6, 2021 01:16:54 PM</h3>
</div></div>
</div>
<div class="col-md-3">
<div class="card"><div class="card-body">
<p class="m-b-0 text-pass">Tests Passed</p>
<h3>1</h3>
</div></div>
</div>
<div class="col-md-3">
<div class="card"><div class="card-body">
<p class="m-b-0 text-fail">Tests Failed</p>
<h3>2</h3>
</div></div>
</div>
</div>
<div class="row">
<div class="col-md-6">
<div class="card">
<div class="card-header">
<h6 class="card-title">Tests</h6>
</div>
<div class="card-body">
<div class="">
<canvas id='parent-analysis' width='115' height='90'></canvas>
</div>
</div>
<div class="card-footer">
<div><small data-tooltip='33%'>
<b>1</b> tests passed
</small>
</div>
<div>
<small data-tooltip='66%'><b>2</b> tests failed,
<b>0</b> skipped, <b data-tooltip='0%'>0</b> others
</small>
</div>
</div>
</div>
</div>
<div class="col-md-6">
<div class="card">
<div class="card-header">
<h6 class="card-title">Log events</h6>
</div>
<div class="card-body">
<div class="">
<canvas id='events-analysis' width='115' height='90'></canvas>
</div>
</div>
<div class="card-footer">
<div><small data-tooltip='1%'><b>1</b> events passed</small></div>
<div>
<small data-tooltip='10%'><b>6</b> events failed,
<b data-tooltip='%'>51</b> others
</small>
</div>
</div>
</div>
</div>
</div>
<div class="row"><div class="col-md-12">
<div class="card"><div class="card-header"><p>Timeline</p></div>
<div class="card-body pt-0"><div>
<canvas id="timeline" height="120"></canvas>
</div></div>
</div>
</div></div>
<script>
var timeline = {
"insuranceCalculate":18.448,"insuranceCalculate":17.226,"insuranceCalculate":14.541
};
</script>
<div class="row">
</div>
</div>
<script>
var statusGroup = {
parentCount: 5,
passParent: 1,
failParent: 2,
warningParent: 0,
skipParent: 0,
childCount: 5,
passChild: 0,
failChild: 0,
warningChild: 0,
skipChild: 0,
infoChild: 0,
grandChildCount: 5,
passGrandChild: 0,
failGrandChild: 0,
warningGrandChild: 0,
skipGrandChild: 0,
infoGrandChild: 0,
eventsCount: 5,
passEvents: 1,
failEvents: 6,
warningEvents: 0,
skipEvents: 0,
infoEvents: 51
};
</script>        </div>
      </div>
    </div>
  </div>
<script src="https://cdn.jsdelivr.net/gh/extent-framework/extent-github-cdn@14e9bb345ef7e2ed3a102f271d84e9f0267c88e7/spark/js/spark-script.js"></script>
<script type="text/javascript"></script></body>
</html>