<?xml version="1.0" encoding="UTF-8"?>
<testng-results skipped="0" failed="1" ignored="0" retried="1" total="9" passed="7">
  <reporter-output>
  </reporter-output>
  <suite name="Suite" duration-ms="38588" started-at="2021-02-12T00:11:25 CST" finished-at="2021-02-12T00:12:04 CST">
    <groups>
    </groups>
    <test name="Test" duration-ms="38588" started-at="2021-02-12T00:11:25 CST" finished-at="2021-02-12T00:12:04 CST">
      <class name="Tests.TestCase">
        <test-method status="PASS" signature="LaunchApplication()[pri:0, instance:Tests.TestCase@4145bad8]" name="LaunchApplication" is-config="true" duration-ms="7134" started-at="2021-02-12T00:11:26 CST" finished-at="2021-02-12T00:11:33 CST">
          <reporter-output>
          </reporter-output>
        </test-method> <!-- LaunchApplication -->
        <test-method status="PASS" signature="TaskCreationTest(java.lang.Object)[pri:0, instance:Tests.TestCase@4145bad8]" name="TaskCreationTest" duration-ms="2800" started-at="2021-02-12T00:11:33 CST" data-provider="taskCreationData" finished-at="2021-02-12T00:11:36 CST">
          <params>
            <param index="0">
              <value>
                <![CDATA[{UserName=administrator@localhost.com, TaskPriority=Medum, Sr No=1, Label=Task, AttachmentFilePath=G:\1. My Cources\Test Case.docx, ProjectToCreateTaskUnder=New Development - Internal WebSite, TaskStatus=Open, EndDate=2020-09-29, Test Case Name=CreateTask with Open Status, StartDate=2020-09-28, TaskName=dev1, TaskType=Change Priority Rate (Hourly rate $25.00), Test Case Description=, Password=administrator, CurrentProgress=0.05}]]>
              </value>
            </param>
          </params>
          <reporter-output>
          </reporter-output>
        </test-method> <!-- TaskCreationTest -->
        <test-method status="PASS" signature="tearDown()[pri:0, instance:Tests.TestCase@4145bad8]" name="tearDown" is-config="true" duration-ms="990" started-at="2021-02-12T00:11:36 CST" finished-at="2021-02-12T00:11:37 CST">
          <reporter-output>
          </reporter-output>
        </test-method> <!-- tearDown -->
        <test-method status="PASS" signature="LaunchApplication()[pri:0, instance:Tests.TestCase@4145bad8]" name="LaunchApplication" is-config="true" duration-ms="4577" started-at="2021-02-12T00:11:37 CST" finished-at="2021-02-12T00:11:41 CST">
          <reporter-output>
          </reporter-output>
        </test-method> <!-- LaunchApplication -->
        <test-method status="PASS" signature="TaskCreationTest(java.lang.Object)[pri:0, instance:Tests.TestCase@4145bad8]" name="TaskCreationTest" duration-ms="3344" started-at="2021-02-12T00:11:41 CST" data-provider="taskCreationData" finished-at="2021-02-12T00:11:44 CST">
          <params>
            <param index="0">
              <value>
                <![CDATA[{UserName=administrator@localhost.com, TaskPriority=Urgent, Sr No=2, Label=Bug, AttachmentFilePath=G:\1. My Cources\Test Case.docx, ProjectToCreateTaskUnder=Maintenance work - Client CTX - Tremox XT5, TaskStatus=Re-opened, EndDate=2020-09-30, Test Case Name=Create Defect wtith Reopen Status, StartDate=2020-09-28, TaskName=dev2, TaskType=Defects (Hourly rate $0.00), Test Case Description=, Password=administrator, CurrentProgress=0.95}]]>
              </value>
            </param>
          </params>
          <reporter-output>
          </reporter-output>
        </test-method> <!-- TaskCreationTest -->
        <test-method status="PASS" signature="tearDown()[pri:0, instance:Tests.TestCase@4145bad8]" name="tearDown" is-config="true" duration-ms="847" started-at="2021-02-12T00:11:44 CST" finished-at="2021-02-12T00:11:45 CST">
          <reporter-output>
          </reporter-output>
        </test-method> <!-- tearDown -->
      </class> <!-- Tests.TestCase -->
      <class name="Tests.UserLoginTests">
        <test-method status="PASS" signature="LaunchApplication()[pri:0, instance:Tests.UserLoginTests@d86a6f]" name="LaunchApplication" is-config="true" duration-ms="6902" started-at="2021-02-12T00:11:26 CST" finished-at="2021-02-12T00:11:33 CST">
          <reporter-output>
          </reporter-output>
        </test-method> <!-- LaunchApplication -->
        <test-method status="PASS" signature="ClientLoginTest()[pri:0, instance:Tests.UserLoginTests@d86a6f]" name="ClientLoginTest" duration-ms="3559" started-at="2021-02-12T00:11:33 CST" finished-at="2021-02-12T00:11:36 CST">
          <reporter-output>
          </reporter-output>
        </test-method> <!-- ClientLoginTest -->
        <test-method status="PASS" signature="tearDown()[pri:0, instance:Tests.UserLoginTests@d86a6f]" name="tearDown" is-config="true" duration-ms="679" started-at="2021-02-12T00:11:36 CST" finished-at="2021-02-12T00:11:37 CST">
          <reporter-output>
          </reporter-output>
        </test-method> <!-- tearDown -->
        <test-method status="PASS" signature="LaunchApplication()[pri:0, instance:Tests.UserLoginTests@d86a6f]" name="LaunchApplication" is-config="true" duration-ms="4618" started-at="2021-02-12T00:11:37 CST" finished-at="2021-02-12T00:11:41 CST">
          <reporter-output>
          </reporter-output>
        </test-method> <!-- LaunchApplication -->
        <test-method status="SKIP" signature="DesignerLoginTest()[pri:0, instance:Tests.UserLoginTests@d86a6f]" name="DesignerLoginTest" duration-ms="4271" retried="true" started-at="2021-02-12T00:11:41 CST" finished-at="2021-02-12T00:11:46 CST">
          <exception class="java.lang.AssertionError">
            <message>
              <![CDATA[expected [true] but found [false]]]>
            </message>
            <full-stacktrace>
              <![CDATA[java.lang.AssertionError: expected [true] but found [false]
at org.testng.Assert.fail(Assert.java:99)
at org.testng.Assert.failNotEquals(Assert.java:1037)
at org.testng.Assert.assertTrue(Assert.java:45)
at org.testng.Assert.assertTrue(Assert.java:55)
at reusablemethods.ActionEngine.assertEqualsString_custom(ActionEngine.java:113)
at Tests.UserLoginTests.DesignerLoginTest(UserLoginTests.java:30)
at sun.reflect.NativeMethodAccessorImpl.invoke0(Native Method)
at sun.reflect.NativeMethodAccessorImpl.invoke(NativeMethodAccessorImpl.java:62)
at sun.reflect.DelegatingMethodAccessorImpl.invoke(DelegatingMethodAccessorImpl.java:43)
at java.lang.reflect.Method.invoke(Method.java:498)
at org.testng.internal.MethodInvocationHelper.invokeMethod(MethodInvocationHelper.java:132)
at org.testng.internal.TestInvoker.invokeMethod(TestInvoker.java:599)
at org.testng.internal.TestInvoker.invokeTestMethod(TestInvoker.java:174)
at org.testng.internal.MethodRunner.runInSequence(MethodRunner.java:46)
at org.testng.internal.TestInvoker$MethodInvocationAgent.invoke(TestInvoker.java:822)
at org.testng.internal.TestInvoker.invokeTestMethods(TestInvoker.java:147)
at org.testng.internal.TestMethodWorker.invokeTestMethods(TestMethodWorker.java:146)
at org.testng.internal.TestMethodWorker.run(TestMethodWorker.java:128)
at java.util.concurrent.ThreadPoolExecutor.runWorker(ThreadPoolExecutor.java:1149)
at java.util.concurrent.ThreadPoolExecutor$Worker.run(ThreadPoolExecutor.java:624)
at java.lang.Thread.run(Thread.java:748)
]]>
            </full-stacktrace>
          </exception> <!-- java.lang.AssertionError -->
          <reporter-output>
          </reporter-output>
        </test-method> <!-- DesignerLoginTest -->
        <test-method status="PASS" signature="tearDown()[pri:0, instance:Tests.UserLoginTests@d86a6f]" name="tearDown" is-config="true" duration-ms="772" started-at="2021-02-12T00:11:46 CST" finished-at="2021-02-12T00:11:46 CST">
          <reporter-output>
          </reporter-output>
        </test-method> <!-- tearDown -->
        <test-method status="PASS" signature="LaunchApplication()[pri:0, instance:Tests.UserLoginTests@d86a6f]" name="LaunchApplication" is-config="true" duration-ms="3722" started-at="2021-02-12T00:11:46 CST" finished-at="2021-02-12T00:11:50 CST">
          <reporter-output>
          </reporter-output>
        </test-method> <!-- LaunchApplication -->
        <test-method status="FAIL" signature="DesignerLoginTest()[pri:0, instance:Tests.UserLoginTests@d86a6f]" name="DesignerLoginTest" duration-ms="2807" started-at="2021-02-12T00:11:50 CST" finished-at="2021-02-12T00:11:53 CST">
          <exception class="java.lang.AssertionError">
            <message>
              <![CDATA[expected [true] but found [false]]]>
            </message>
            <full-stacktrace>
              <![CDATA[java.lang.AssertionError: expected [true] but found [false]
at org.testng.Assert.fail(Assert.java:99)
at org.testng.Assert.failNotEquals(Assert.java:1037)
at org.testng.Assert.assertTrue(Assert.java:45)
at org.testng.Assert.assertTrue(Assert.java:55)
at reusablemethods.ActionEngine.assertEqualsString_custom(ActionEngine.java:113)
at Tests.UserLoginTests.DesignerLoginTest(UserLoginTests.java:30)
at sun.reflect.NativeMethodAccessorImpl.invoke0(Native Method)
at sun.reflect.NativeMethodAccessorImpl.invoke(NativeMethodAccessorImpl.java:62)
at sun.reflect.DelegatingMethodAccessorImpl.invoke(DelegatingMethodAccessorImpl.java:43)
at java.lang.reflect.Method.invoke(Method.java:498)
at org.testng.internal.MethodInvocationHelper.invokeMethod(MethodInvocationHelper.java:132)
at org.testng.internal.TestInvoker.invokeMethod(TestInvoker.java:599)
at org.testng.internal.TestInvoker.retryFailed(TestInvoker.java:214)
at org.testng.internal.MethodRunner.runInSequence(MethodRunner.java:58)
at org.testng.internal.TestInvoker$MethodInvocationAgent.invoke(TestInvoker.java:822)
at org.testng.internal.TestInvoker.invokeTestMethods(TestInvoker.java:147)
at org.testng.internal.TestMethodWorker.invokeTestMethods(TestMethodWorker.java:146)
at org.testng.internal.TestMethodWorker.run(TestMethodWorker.java:128)
at java.util.concurrent.ThreadPoolExecutor.runWorker(ThreadPoolExecutor.java:1149)
at java.util.concurrent.ThreadPoolExecutor$Worker.run(ThreadPoolExecutor.java:624)
at java.lang.Thread.run(Thread.java:748)
]]>
            </full-stacktrace>
          </exception> <!-- java.lang.AssertionError -->
          <reporter-output>
          </reporter-output>
        </test-method> <!-- DesignerLoginTest -->
        <test-method status="PASS" signature="tearDown()[pri:0, instance:Tests.UserLoginTests@d86a6f]" name="tearDown" is-config="true" duration-ms="807" started-at="2021-02-12T00:11:53 CST" finished-at="2021-02-12T00:11:54 CST">
          <reporter-output>
          </reporter-output>
        </test-method> <!-- tearDown -->
        <test-method status="PASS" signature="LaunchApplication()[pri:0, instance:Tests.UserLoginTests@d86a6f]" name="LaunchApplication" is-config="true" duration-ms="5160" started-at="2021-02-12T00:11:54 CST" finished-at="2021-02-12T00:11:59 CST">
          <reporter-output>
          </reporter-output>
        </test-method> <!-- LaunchApplication -->
        <test-method status="PASS" signature="ManagerLoginTest()[pri:0, instance:Tests.UserLoginTests@d86a6f]" name="ManagerLoginTest" duration-ms="3633" started-at="2021-02-12T00:11:59 CST" finished-at="2021-02-12T00:12:03 CST">
          <reporter-output>
          </reporter-output>
        </test-method> <!-- ManagerLoginTest -->
        <test-method status="PASS" signature="tearDown()[pri:0, instance:Tests.UserLoginTests@d86a6f]" name="tearDown" is-config="true" duration-ms="795" started-at="2021-02-12T00:12:03 CST" finished-at="2021-02-12T00:12:04 CST">
          <reporter-output>
          </reporter-output>
        </test-method> <!-- tearDown -->
      </class> <!-- Tests.UserLoginTests -->
      <class name="Tests.rough">
        <test-method status="PASS" signature="LaunchApplication()[pri:0, instance:Tests.rough@2892d68]" name="LaunchApplication" is-config="true" duration-ms="6930" started-at="2021-02-12T00:11:26 CST" finished-at="2021-02-12T00:11:33 CST">
          <reporter-output>
          </reporter-output>
        </test-method> <!-- LaunchApplication -->
        <test-method status="PASS" signature="test1()[pri:0, instance:Tests.rough@2892d68]" name="test1" duration-ms="4481" started-at="2021-02-12T00:11:33 CST" finished-at="2021-02-12T00:11:37 CST">
          <reporter-output>
          </reporter-output>
        </test-method> <!-- test1 -->
        <test-method status="PASS" signature="tearDown()[pri:0, instance:Tests.rough@2892d68]" name="tearDown" is-config="true" duration-ms="807" started-at="2021-02-12T00:11:37 CST" finished-at="2021-02-12T00:11:38 CST">
          <reporter-output>
          </reporter-output>
        </test-method> <!-- tearDown -->
        <test-method status="PASS" signature="LaunchApplication()[pri:0, instance:Tests.rough@2892d68]" name="LaunchApplication" is-config="true" duration-ms="4358" started-at="2021-02-12T00:11:38 CST" finished-at="2021-02-12T00:11:42 CST">
          <reporter-output>
          </reporter-output>
        </test-method> <!-- LaunchApplication -->
        <test-method status="PASS" signature="test2()[pri:0, instance:Tests.rough@2892d68]" name="test2" duration-ms="3557" started-at="2021-02-12T00:11:42 CST" finished-at="2021-02-12T00:11:46 CST">
          <reporter-output>
          </reporter-output>
        </test-method> <!-- test2 -->
        <test-method status="PASS" signature="tearDown()[pri:0, instance:Tests.rough@2892d68]" name="tearDown" is-config="true" duration-ms="822" started-at="2021-02-12T00:11:46 CST" finished-at="2021-02-12T00:11:47 CST">
          <reporter-output>
          </reporter-output>
        </test-method> <!-- tearDown -->
        <test-method status="PASS" signature="LaunchApplication()[pri:0, instance:Tests.rough@2892d68]" name="LaunchApplication" is-config="true" duration-ms="5849" started-at="2021-02-12T00:11:47 CST" finished-at="2021-02-12T00:11:52 CST">
          <reporter-output>
          </reporter-output>
        </test-method> <!-- LaunchApplication -->
        <test-method status="PASS" signature="test3()[pri:0, instance:Tests.rough@2892d68]" name="test3" duration-ms="2953" started-at="2021-02-12T00:11:52 CST" finished-at="2021-02-12T00:11:55 CST">
          <reporter-output>
          </reporter-output>
        </test-method> <!-- test3 -->
        <test-method status="PASS" signature="tearDown()[pri:0, instance:Tests.rough@2892d68]" name="tearDown" is-config="true" duration-ms="2228" started-at="2021-02-12T00:11:55 CST" finished-at="2021-02-12T00:11:58 CST">
          <reporter-output>
          </reporter-output>
        </test-method> <!-- tearDown -->
      </class> <!-- Tests.rough -->
    </test> <!-- Test -->
  </suite> <!-- Suite -->
</testng-results>
