<?xml version="1.0" encoding="UTF-8"?>
<!-- Generated by org.testng.reporters.JUnitXMLReporter -->
<testsuite hostname="DESKTOP-3BHS2BP" ignored="0" name="Test" tests="9" failures="1" timestamp="2021-02-12T00:12:04 CST" time="38.588" errors="0">
  <testcase name="TaskCreationTest" time="2.8" classname="Tests.TestCase"/>
  <testcase name="ClientLoginTest" time="3.559" classname="Tests.UserLoginTests"/>
  <testcase name="test1" time="4.481" classname="Tests.rough"/>
  <testcase name="TaskCreationTest" time="3.344" classname="Tests.TestCase"/>
  <testcase name="DesignerLoginTest" time="4.271" classname="Tests.UserLoginTests">
    <skipped/>
  </testcase> <!-- DesignerLoginTest -->
  <testcase name="test2" time="3.557" classname="Tests.rough"/>
  <testcase name="DesignerLoginTest" time="2.807" classname="Tests.UserLoginTests">
    <failure type="java.lang.AssertionError" message="expected [true] but found [false]">
      <![CDATA[java.lang.AssertionError: expected [true] but found [false]
at reusablemethods.ActionEngine.assertEqualsString_custom(ActionEngine.java:113)
at Tests.UserLoginTests.DesignerLoginTest(UserLoginTests.java:30)
at java.util.concurrent.ThreadPoolExecutor.runWorker(ThreadPoolExecutor.java:1149)
at java.util.concurrent.ThreadPoolExecutor$Worker.run(ThreadPoolExecutor.java:624)
at java.lang.Thread.run(Thread.java:748)
... Removed 16 stack frames]]>
    </failure>
  </testcase> <!-- DesignerLoginTest -->
  <testcase name="test3" time="2.953" classname="Tests.rough"/>
  <testcase name="ManagerLoginTest" time="3.633" classname="Tests.UserLoginTests"/>
</testsuite> <!-- Test -->
