<?xml version="1.0" encoding="UTF-8"?>
<!-- Generated by org.testng.reporters.JUnitXMLReporter -->
<testsuite hostname="DESKTOP-3BHS2BP" ignored="0" name="Test" tests="6" failures="1" timestamp="2021-02-11T19:57:07 CST" time="36.617" errors="0">
  <testcase name="TaskCreationTest" time="2.381" classname="Tests.TestCase"/>
  <testcase name="ClientLoginTest" time="3.169" classname="Tests.UserLoginTests"/>
  <testcase name="TaskCreationTest" time="2.832" classname="Tests.TestCase"/>
  <testcase name="DesignerLoginTest" time="4.277" classname="Tests.UserLoginTests">
    <skipped/>
  </testcase> <!-- DesignerLoginTest -->
  <testcase name="DesignerLoginTest" time="2.838" classname="Tests.UserLoginTests">
    <failure type="java.lang.AssertionError" message="expected [true] but found [false]">
      <![CDATA[java.lang.AssertionError: expected [true] but found [false]
at reusablemethods.ActionEngine.assertEqualsString_custom(ActionEngine.java:113)
at Tests.UserLoginTests.DesignerLoginTest(UserLoginTests.java:30)
at java.util.concurrent.ThreadPoolExecutor.runWorker(ThreadPoolExecutor.java:1149)
at java.util.concurrent.ThreadPoolExecutor$Worker.run(ThreadPoolExecutor.java:624)
at java.lang.Thread.run(Thread.java:748)
... Removed 16 stack frames]]>
    </failure>
  </testcase> <!-- DesignerLoginTest -->
  <testcase name="ManagerLoginTest" time="3.549" classname="Tests.UserLoginTests"/>
</testsuite> <!-- Test -->
